[2026-07-18 22:40:09] V5.1.1自动风险更新开始（限流缓存修复版）
[2026-07-18 22:40:10] [OK] 全球行情 VIX恐慌指数: 最新18.77，1日+12.19%，5日+24.88%
[2026-07-18 22:40:11] [OK] 全球行情 费城半导体指数: 最新11673.89，1日-1.63%，5日-9.97%
[2026-07-18 22:40:11] [OK] 全球行情 纳斯达克指数: 最新25520.24，1日-1.40%，5日-2.90%
[2026-07-18 22:40:12] [OK] 全球行情 美国10年期收益率: 最新4.54，1日-0.61%，5日-0.61%
[2026-07-18 22:40:12] [OK] 全球行情 美元指数: 最新100.75，1日+0.02%，5日-0.22%
[2026-07-18 22:40:13] [OK] 全球行情 美元兑人民币: 最新6.78，1日+0.06%，5日+0.00%
[2026-07-18 22:40:14] [OK] 全球行情 国际原油: 最新82.49，1日+4.48%，5日+15.52%
[2026-07-18 22:40:14] [OK] 全球行情 国际黄金: 最新4012.70，1日+0.68%，5日-2.23%
[2026-07-18 22:40:15] [OK] 全球行情 英伟达: 最新202.81，1日-2.21%，5日-3.86%
[2026-07-18 22:40:15] [OK] 全球行情 美光科技: 最新848.95，1日-0.50%，5日-13.31%
[2026-07-18 22:40:16] [OK] 全球行情 台积电ADR: 最新398.37，1日-2.77%，5日-8.23%
[2026-07-18 22:40:29] [WARN] GDELT 接口限流(429)，建议 稍后 秒后再试；不再连续重试，转用备用RSS
[2026-07-18 22:40:30] [WARN] 备用RSS获取失败: 备用RSS未匹配到风险主题
[2026-07-18 22:40:30] [WARN] 新闻接口均不可用且无缓存，本次仅使用全球行情和ETF风险
[2026-07-18 22:40:31] [OK] 公告批次 1: 100条
[2026-07-18 22:40:32] [OK] 公告批次 2: 100条
[2026-07-18 22:40:33] [OK] 公告批次 3: 100条
[2026-07-18 22:40:35] [OK] 公告批次 4: 100条
[2026-07-18 22:40:36] [OK] 公告批次 5: 100条
[2026-07-18 22:40:37] [OK] 公告批次 6: 100条
[2026-07-18 22:40:37] 自动风险更新完成：行情7条，新闻0条，个股公告17只
[2026-07-18 22:48:05] V5.1.1自动风险更新开始（限流缓存修复版）
[2026-07-18 22:48:06] [OK] 全球行情 VIX恐慌指数: 最新18.77，1日+12.19%，5日+24.88%
[2026-07-18 22:48:06] [OK] 全球行情 费城半导体指数: 最新11673.89，1日-1.63%，5日-9.97%
[2026-07-18 22:48:07] [OK] 全球行情 纳斯达克指数: 最新25520.24，1日-1.40%，5日-2.90%
[2026-07-18 22:48:07] [OK] 全球行情 美国10年期收益率: 最新4.54，1日-0.61%，5日-0.61%
[2026-07-18 22:48:08] [OK] 全球行情 美元指数: 最新100.75，1日+0.02%，5日-0.22%
[2026-07-18 22:48:08] [OK] 全球行情 美元兑人民币: 最新6.78，1日+0.06%，5日+0.00%
[2026-07-18 22:48:09] [OK] 全球行情 国际原油: 最新82.49，1日+4.48%，5日+15.52%
[2026-07-18 22:48:09] [OK] 全球行情 国际黄金: 最新4012.70，1日+0.68%，5日-2.23%
[2026-07-18 22:48:09] [OK] 全球行情 英伟达: 最新202.81，1日-2.21%，5日-3.86%
[2026-07-18 22:48:10] [OK] 全球行情 美光科技: 最新848.95，1日-0.50%，5日-13.31%
[2026-07-18 22:48:10] [OK] 全球行情 台积电ADR: 最新398.37，1日-2.77%，5日-8.23%
[2026-07-18 22:48:23] [WARN] GDELT 接口限流(429)，建议 稍后 秒后再试；不再连续重试，转用备用RSS
[2026-07-18 22:48:24] [WARN] 备用RSS获取失败: 备用RSS未匹配到风险主题
[2026-07-18 22:48:24] [WARN] 新闻接口均不可用且无缓存，本次仅使用全球行情和ETF风险
[2026-07-18 22:48:24] [OK] 公告批次 1: 100条
[2026-07-18 22:48:26] [OK] 公告批次 2: 100条
[2026-07-18 22:48:27] [OK] 公告批次 3: 100条
[2026-07-18 22:48:28] [OK] 公告批次 4: 100条
[2026-07-18 22:48:30] [OK] 公告批次 5: 100条
[2026-07-18 22:48:31] [OK] 公告批次 6: 100条
[2026-07-18 22:48:31] 自动风险更新完成：行情7条，新闻0条，个股公告17只
